2022-05-17 09:57:47,542 	 [DEBUG | proactor_events.py:623] > Using proactor: IocpProactor
2022-05-17 09:57:47,553 	 [INFO | app.py:26] > [TEST] Dashboard service listening on http://localhost:8080
2022-05-17 09:57:50,784 	 [ERROR | web.py:1789] > Uncaught exception GET / (::1)
HTTPServerRequest(protocol='http', host='localhost:8080', method='GET', uri='/', version='HTTP/1.1', remote_ip='::1')
Traceback (most recent call last):
  File "C:\Users\sheri\AppData\Local\Programs\Python\Python39\lib\site-packages\tornado\web.py", line 1702, in _execute
    result = method(*self.path_args, **self.path_kwargs)
  File "D:\Sherine Davis\Code\PycharmProjects\Shopify-Developer-Intern-Challenge\shopify\service\handler\dashboardControlHandler.py", line 11, in get
    self.render(os.path.join(DirUtil.getWebDir(), 'index.html'))
  File "C:\Users\sheri\AppData\Local\Programs\Python\Python39\lib\site-packages\tornado\web.py", line 863, in render
    html = self.render_string(template_name, **kwargs)
  File "C:\Users\sheri\AppData\Local\Programs\Python\Python39\lib\site-packages\tornado\web.py", line 1012, in render_string
    return t.generate(**namespace)
  File "C:\Users\sheri\AppData\Local\Programs\Python\Python39\lib\site-packages\tornado\template.py", line 362, in generate
    return execute()
  File "D:\Sherine Davis\Code\PycharmProjects\Shopify-Developer-Intern-Challenge\shopify\web\index_html.generated.py", line 11, in _tt_execute
    _tt_tmp = url_for('update')  # D:\Sherine Davis\Code\PycharmProjects\Shopify-Developer-Intern-Challenge\shopify\web\index.html:83
NameError: name 'url_for' is not defined
2022-05-17 09:57:50,812 	 [ERROR | web.py:2239] > 500 GET / (::1) 40.09ms
2022-05-17 09:57:51,103 	 [WARNING | web.py:2239] > 404 GET /favicon.ico (::1) 0.00ms
2022-05-17 09:59:03,812 	 [DEBUG | proactor_events.py:623] > Using proactor: IocpProactor
2022-05-17 09:59:03,816 	 [INFO | app.py:26] > [TEST] Dashboard service listening on http://localhost:8080
2022-05-17 09:59:06,252 	 [INFO | web.py:2239] > 200 GET / (::1) 69.08ms
2022-05-17 09:59:06,303 	 [INFO | inventoryControlHandler.py:13] > [GET] Request - /api/inventory/list
2022-05-17 09:59:06,303 	 [INFO | inventoryControlHandler.py:21] > [GET] Response - /api/inventory/list
2022-05-17 09:59:06,303 	 [INFO | web.py:2239] > 304 GET /api/inventory/list (::1) 0.00ms
2022-05-17 10:05:45,652 	 [DEBUG | proactor_events.py:623] > Using proactor: IocpProactor
2022-05-17 10:05:45,664 	 [INFO | app.py:26] > [TEST] Dashboard service listening on http://localhost:8080
2022-05-17 10:05:51,598 	 [INFO | web.py:2239] > 200 GET / (::1) 13.00ms
2022-05-17 10:05:51,656 	 [INFO | inventoryControlHandler.py:13] > [GET] Request - /api/inventory/list
2022-05-17 10:05:58,536 	 [INFO | inventoryControlHandler.py:21] > [GET] Response - /api/inventory/list
2022-05-17 10:05:58,536 	 [INFO | web.py:2239] > 304 GET /api/inventory/list (::1) 6881.19ms
2022-05-17 10:06:47,123 	 [INFO | inventoryControlHandler.py:27] > [POST] Request - /api/inventory/create
2022-05-17 10:09:48,321 	 [DEBUG | proactor_events.py:623] > Using proactor: IocpProactor
2022-05-17 10:09:48,322 	 [INFO | app.py:26] > [TEST] Dashboard service listening on http://localhost:8080
2022-05-17 10:09:48,383 	 [INFO | inventoryControlHandler.py:27] > [POST] Request - /api/inventory/create
2022-05-17 10:09:48,383 	 [WARNING | web.py:2239] > 404 POST /api/inventory/create (::1) 0.00ms
2022-05-17 10:09:53,876 	 [DEBUG | proactor_events.py:623] > Using proactor: IocpProactor
2022-05-17 10:09:53,883 	 [INFO | app.py:26] > [TEST] Dashboard service listening on http://localhost:8080
2022-05-17 10:10:00,846 	 [INFO | inventoryControlHandler.py:27] > [POST] Request - /api/inventory/create
2022-05-17 10:10:05,457 	 [WARNING | web.py:2239] > 404 POST /api/inventory/create (::1) 4610.44ms
2022-05-17 10:10:10,300 	 [INFO | web.py:2239] > 200 GET / (::1) 6.00ms
2022-05-17 10:10:10,344 	 [INFO | inventoryControlHandler.py:13] > [GET] Request - /api/inventory/list
2022-05-17 10:10:10,345 	 [INFO | inventoryControlHandler.py:21] > [GET] Response - /api/inventory/list
2022-05-17 10:10:10,346 	 [INFO | web.py:2239] > 304 GET /api/inventory/list (::1) 2.94ms
2022-05-17 10:10:41,795 	 [INFO | inventoryControlHandler.py:27] > [POST] Request - /api/inventory/create
2022-05-17 10:11:05,137 	 [WARNING | web.py:2239] > 404 POST /api/inventory/create (::1) 23343.36ms
2022-05-17 20:40:03,589 	 [DEBUG | proactor_events.py:623] > Using proactor: IocpProactor
2022-05-17 20:40:03,594 	 [INFO | app.py:26] > [TEST] Dashboard service listening on http://localhost:8080
2022-05-17 20:42:24,608 	 [DEBUG | proactor_events.py:623] > Using proactor: IocpProactor
2022-05-17 20:42:24,608 	 [INFO | app.py:26] > [TEST] Dashboard service listening on http://localhost:8080
2022-05-17 20:42:34,567 	 [WARNING | web.py:2239] > 404 GET /api/inventory/ (::1) 1.00ms
2022-05-17 20:42:34,974 	 [WARNING | web.py:2239] > 404 GET /favicon.ico (::1) 0.00ms
2022-05-17 20:42:38,999 	 [INFO | web.py:2239] > 200 GET / (::1) 60.88ms
2022-05-17 20:42:39,099 	 [INFO | inventoryControlHandler.py:13] > [GET] Request - /api/inventory/list
2022-05-17 20:42:39,099 	 [INFO | inventoryControlHandler.py:21] > [GET] Response - /api/inventory/list
2022-05-17 20:42:39,100 	 [INFO | web.py:2239] > 304 GET /api/inventory/list (::1) 1.00ms
2022-05-17 20:43:04,792 	 [INFO | inventoryControlHandler.py:27] > [POST] Request - /api/inventory/create
2022-05-17 20:43:04,793 	 [WARNING | web.py:2239] > 404 POST /api/inventory/create (::1) 1.00ms
2022-05-17 20:48:03,626 	 [DEBUG | proactor_events.py:623] > Using proactor: IocpProactor
2022-05-17 20:48:03,642 	 [INFO | app.py:26] > [TEST] Dashboard service listening on http://localhost:8080
2022-05-17 20:48:12,253 	 [INFO | web.py:2239] > 304 GET / (::1) 0.00ms
2022-05-17 20:48:12,300 	 [INFO | inventoryControlHandler.py:13] > [GET] Request - /api/inventory/list
2022-05-17 20:48:12,310 	 [INFO | inventoryControlHandler.py:21] > [GET] Response - /api/inventory/list
2022-05-17 20:48:12,310 	 [INFO | web.py:2239] > 304 GET /api/inventory/list (::1) 10.01ms
2022-05-17 20:48:33,625 	 [INFO | inventoryControlHandler.py:27] > [POST] Request - /api/inventory/create
2022-05-17 20:54:01,350 	 [DEBUG | proactor_events.py:623] > Using proactor: IocpProactor
2022-05-17 20:54:01,350 	 [INFO | app.py:26] > [TEST] Dashboard service listening on http://localhost:8080
2022-05-17 20:54:08,514 	 [INFO | web.py:2239] > 200 GET / (::1) 10.00ms
2022-05-17 20:54:08,621 	 [INFO | inventoryControlHandler.py:13] > [GET] Request - /api/inventory/list
2022-05-17 20:54:08,622 	 [INFO | inventoryControlHandler.py:21] > [GET] Response - /api/inventory/list
2022-05-17 20:54:08,623 	 [INFO | web.py:2239] > 304 GET /api/inventory/list (::1) 3.00ms
2022-05-17 20:54:26,979 	 [INFO | inventoryControlHandler.py:27] > [POST] Request - /api/inventory/create
2022-05-17 20:55:03,563 	 [INFO | inventoryControlHandler.py:35] > [POST] Response - /api/inventory/create
2022-05-17 20:55:03,563 	 [INFO | web.py:2239] > 200 POST /api/inventory/create (::1) 36585.42ms
2022-05-17 21:05:46,406 	 [DEBUG | proactor_events.py:623] > Using proactor: IocpProactor
2022-05-17 21:05:46,418 	 [INFO | app.py:26] > [TEST] Dashboard service listening on http://localhost:8080
2022-05-17 21:05:50,082 	 [INFO | web.py:2239] > 304 GET / (::1) 0.00ms
2022-05-17 21:05:50,145 	 [INFO | inventoryControlHandler.py:14] > [GET] Request - /api/inventory/list
2022-05-17 21:05:50,145 	 [INFO | inventoryControlHandler.py:22] > [GET] Response - /api/inventory/list
2022-05-17 21:05:50,145 	 [INFO | web.py:2239] > 304 GET /api/inventory/list (::1) 0.00ms
2022-05-17 21:06:06,886 	 [INFO | inventoryControlHandler.py:28] > [POST] Request - /api/inventory/create
2022-05-17 21:06:06,887 	 [INFO | web.py:2239] > 200 POST /api/inventory/create (::1) 2.00ms
2022-05-17 21:06:06,887 	 [INFO | inventoryControlHandler.py:37] > [POST] Response - /api/inventory/create
2022-05-17 21:06:06,940 	 [WARNING | web.py:2239] > 404 GET /api/inventory/createapi/inventory/list (::1) 0.00ms
2022-05-17 21:08:23,024 	 [DEBUG | proactor_events.py:623] > Using proactor: IocpProactor
2022-05-17 21:08:23,028 	 [INFO | app.py:26] > [TEST] Dashboard service listening on http://localhost:8080
2022-05-17 21:08:31,315 	 [INFO | web.py:2239] > 304 GET / (::1) 4.00ms
2022-05-17 21:08:31,361 	 [INFO | inventoryControlHandler.py:14] > [GET] Request - /api/inventory/list
2022-05-17 21:08:31,362 	 [INFO | inventoryControlHandler.py:22] > [GET] Response - /api/inventory/list
2022-05-17 21:08:31,362 	 [INFO | web.py:2239] > 304 GET /api/inventory/list (::1) 1.00ms
2022-05-17 21:08:47,092 	 [INFO | inventoryControlHandler.py:28] > [POST] Request - /api/inventory/create
2022-05-17 21:08:47,092 	 [INFO | web.py:2239] > 302 POST /api/inventory/create (::1) 1.00ms
2022-05-17 21:08:47,093 	 [INFO | inventoryControlHandler.py:37] > [POST] Response - /api/inventory/create
2022-05-17 21:08:47,096 	 [INFO | web.py:2239] > 304 GET / (::1) 0.00ms
2022-05-17 21:08:47,145 	 [INFO | inventoryControlHandler.py:14] > [GET] Request - /api/inventory/list
2022-05-17 21:08:47,145 	 [INFO | inventoryControlHandler.py:22] > [GET] Response - /api/inventory/list
2022-05-17 21:08:47,145 	 [INFO | web.py:2239] > 200 GET /api/inventory/list (::1) 1.00ms
2022-05-17 21:14:27,373 	 [DEBUG | proactor_events.py:623] > Using proactor: IocpProactor
2022-05-17 21:14:27,373 	 [INFO | app.py:26] > [TEST] Dashboard service listening on http://localhost:8080
2022-05-17 21:14:48,551 	 [INFO | inventoryControlHandler.py:28] > [POST] Request - /api/inventory/create
2022-05-17 21:14:48,552 	 [INFO | web.py:2239] > 302 POST /api/inventory/create (::1) 2.00ms
2022-05-17 21:14:48,552 	 [INFO | inventoryControlHandler.py:37] > [POST] Response - /api/inventory/create
2022-05-17 21:14:48,563 	 [INFO | web.py:2239] > 200 GET /?state=SUCCESS (::1) 8.00ms
2022-05-17 21:14:48,636 	 [INFO | web.py:2239] > 200 GET /?state=SUCCESSapi/inventory/list (::1) 1.00ms
2022-05-17 21:15:29,476 	 [DEBUG | proactor_events.py:623] > Using proactor: IocpProactor
2022-05-17 21:15:29,476 	 [INFO | app.py:26] > [TEST] Dashboard service listening on http://localhost:8080
2022-05-17 21:15:33,403 	 [WARNING | web.py:2239] > 404 GET /?state=SUCCESS (::1) 0.00ms
2022-05-17 21:15:45,337 	 [WARNING | web.py:2239] > 404 GET / (::1) 1.00ms
2022-05-17 21:15:45,586 	 [WARNING | web.py:2239] > 404 GET / (::1) 0.00ms
2022-05-17 21:15:49,587 	 [WARNING | web.py:2239] > 404 GET / (::1) 0.00ms
2022-05-17 21:16:04,537 	 [DEBUG | proactor_events.py:623] > Using proactor: IocpProactor
2022-05-17 21:16:04,537 	 [INFO | app.py:26] > [TEST] Dashboard service listening on http://localhost:8080
2022-05-17 21:16:07,633 	 [INFO | web.py:2239] > 200 GET / (::1) 15.64ms
2022-05-17 21:16:07,696 	 [INFO | inventoryControlHandler.py:14] > [GET] Request - /api/inventory/list
2022-05-17 21:16:07,696 	 [INFO | inventoryControlHandler.py:22] > [GET] Response - /api/inventory/list
2022-05-17 21:16:07,696 	 [INFO | web.py:2239] > 200 GET /api/inventory/list (::1) 0.00ms
2022-05-17 21:16:50,052 	 [WARNING | web.py:2239] > 405 POST / (::1) 0.00ms
2022-05-17 21:17:19,451 	 [INFO | web.py:2239] > 304 GET / (::1) 0.00ms
2022-05-17 21:17:19,502 	 [INFO | inventoryControlHandler.py:14] > [GET] Request - /api/inventory/list
2022-05-17 21:17:19,502 	 [INFO | inventoryControlHandler.py:71] > Serving the request from cached data...
2022-05-17 21:17:19,502 	 [INFO | inventoryControlHandler.py:22] > [GET] Response - /api/inventory/list
2022-05-17 21:17:19,502 	 [INFO | web.py:2239] > 304 GET /api/inventory/list (::1) 0.00ms
2022-05-17 21:17:21,682 	 [INFO | web.py:2239] > 200 GET / (::1) 0.00ms
2022-05-17 21:17:21,846 	 [INFO | web.py:2239] > 200 GET /static/css/bootstrap.min.css?v=4056508074c098e63356f88b53f8abdacae6bdd46e76e79028505be5d94ed6ec9cc6513ce2dbd1b398b23649a0e260f989b28669594df847daf3010fe296fe5d (::1) 132.65ms
2022-05-17 21:17:21,846 	 [INFO | web.py:2239] > 200 GET /static/js/index.js?v=43c96ed8f6fa2c6a0f36afdbc3e1fb6b7dcee10938ba3c98a08888a201f61ed85b98ead6fad6c6744c238d30b8d79a8db2da334413ccccf31ff5f8f3c1d2e905 (::1) 0.00ms
2022-05-17 21:17:21,855 	 [INFO | web.py:2239] > 200 GET /static/js/jquery-3.2.1.min.js?v=20da3fe171c075635ef82f8de57644c7a50be45eb1207d96a51b5eadeaac17ee830b5058d87e88501e20ec41ef897f65cec26a0380eaf49698c6eaa5981d8483 (::1) 9.01ms
2022-05-17 21:17:21,855 	 [INFO | web.py:2239] > 200 GET /static/js/bootstrap.min.js?v=e27be06bc898dcf893f06cc49cafcbb6ba6e3a69106a89a500f6993e57600b3636392784811237a1a783967dbe05d57a0769c78f8074a0c3a59b16b655b1d350 (::1) 9.01ms
2022-05-17 21:17:21,855 	 [INFO | inventoryControlHandler.py:14] > [GET] Request - /api/inventory/list
2022-05-17 21:17:21,855 	 [INFO | inventoryControlHandler.py:71] > Serving the request from cached data...
2022-05-17 21:17:21,855 	 [INFO | inventoryControlHandler.py:22] > [GET] Response - /api/inventory/list
2022-05-17 21:17:21,855 	 [INFO | web.py:2239] > 200 GET /api/inventory/list (::1) 0.00ms
2022-05-17 21:17:22,091 	 [WARNING | web.py:2239] > 404 GET /favicon.ico (::1) 0.00ms
2022-05-17 21:20:45,289 	 [DEBUG | proactor_events.py:623] > Using proactor: IocpProactor
2022-05-17 21:20:45,299 	 [INFO | app.py:26] > [TEST] Dashboard service listening on http://localhost:8080
2022-05-17 21:20:50,463 	 [INFO | web.py:2239] > 200 GET / (::1) 3.99ms
2022-05-17 21:20:50,514 	 [INFO | inventoryControlHandler.py:14] > [GET] Request - /api/inventory/list
2022-05-17 21:20:50,515 	 [INFO | inventoryControlHandler.py:22] > [GET] Response - /api/inventory/list
2022-05-17 21:20:50,515 	 [INFO | web.py:2239] > 304 GET /api/inventory/list (::1) 1.00ms
2022-05-17 21:20:52,035 	 [WARNING | web.py:2239] > 405 POST / (::1) 1.00ms
2022-05-17 21:21:00,504 	 [INFO | web.py:2239] > 200 GET /static/css/bootstrap.min.css.map (::1) 196.04ms
2022-05-17 21:21:04,000 	 [WARNING | web.py:2239] > 405 POST / (::1) 1.00ms
2022-05-17 21:21:52,564 	 [DEBUG | proactor_events.py:623] > Using proactor: IocpProactor
2022-05-17 21:21:52,569 	 [INFO | app.py:26] > [TEST] Dashboard service listening on http://localhost:8080
2022-05-17 21:21:54,218 	 [INFO | web.py:2239] > 200 GET /static/css/bootstrap.min.css.map (::1) 170.04ms
2022-05-17 21:21:55,621 	 [INFO | web.py:2239] > 200 GET / (::1) 5.00ms
2022-05-17 21:21:55,697 	 [INFO | inventoryControlHandler.py:14] > [GET] Request - /api/inventory/list
2022-05-17 21:21:55,697 	 [INFO | inventoryControlHandler.py:22] > [GET] Response - /api/inventory/list
2022-05-17 21:21:55,698 	 [INFO | web.py:2239] > 304 GET /api/inventory/list (::1) 2.00ms
2022-05-17 21:21:55,706 	 [INFO | web.py:2239] > 200 GET /static/css/bootstrap.min.css.map (::1) 3.00ms
2022-05-17 21:21:57,833 	 [INFO | web.py:2239] > 200 GET /? (::1) 2.00ms
2022-05-17 21:21:57,902 	 [INFO | web.py:2239] > 200 GET /?api/inventory/list (::1) 1.00ms
2022-05-17 21:21:57,916 	 [INFO | web.py:2239] > 200 GET /static/css/bootstrap.min.css.map (::1) 2.00ms
2022-05-17 21:22:10,709 	 [DEBUG | proactor_events.py:623] > Using proactor: IocpProactor
2022-05-17 21:22:10,722 	 [INFO | app.py:26] > [TEST] Dashboard service listening on http://localhost:8080
2022-05-17 21:22:13,364 	 [INFO | web.py:2239] > 200 GET / (::1) 5.04ms
2022-05-17 21:22:13,619 	 [INFO | web.py:2239] > 304 GET / (::1) 0.00ms
2022-05-17 21:22:13,679 	 [INFO | inventoryControlHandler.py:14] > [GET] Request - /api/inventory/list
2022-05-17 21:22:13,679 	 [INFO | inventoryControlHandler.py:22] > [GET] Response - /api/inventory/list
2022-05-17 21:22:13,679 	 [INFO | web.py:2239] > 304 GET /api/inventory/list (::1) 0.00ms
2022-05-17 21:22:13,853 	 [INFO | web.py:2239] > 200 GET /static/css/bootstrap.min.css.map (::1) 164.94ms
2022-05-17 21:22:15,441 	 [INFO | web.py:2239] > 200 GET /? (::1) 0.00ms
2022-05-17 21:22:15,522 	 [INFO | web.py:2239] > 200 GET /?api/inventory/list (::1) 0.00ms
2022-05-17 21:22:15,553 	 [INFO | web.py:2239] > 200 GET /static/css/bootstrap.min.css.map (::1) 4.00ms
2022-05-17 21:22:25,890 	 [INFO | web.py:2239] > 304 GET /? (::1) 1.00ms
2022-05-17 21:22:25,958 	 [INFO | web.py:2239] > 304 GET /?api/inventory/list (::1) 3.00ms
2022-05-17 21:22:25,974 	 [INFO | web.py:2239] > 200 GET /static/css/bootstrap.min.css.map (::1) 2.00ms
2022-05-17 21:22:26,673 	 [INFO | web.py:2239] > 304 GET /? (::1) 0.00ms
2022-05-17 21:22:26,727 	 [INFO | web.py:2239] > 304 GET /?api/inventory/list (::1) 2.00ms
2022-05-17 21:22:26,739 	 [INFO | web.py:2239] > 200 GET /static/css/bootstrap.min.css.map (::1) 2.00ms
2022-05-17 21:23:29,569 	 [DEBUG | proactor_events.py:623] > Using proactor: IocpProactor
2022-05-17 21:23:29,569 	 [INFO | app.py:26] > [TEST] Dashboard service listening on http://localhost:8080
2022-05-17 21:23:34,830 	 [INFO | web.py:2239] > 304 GET / (::1) 6.03ms
2022-05-17 21:23:34,889 	 [INFO | inventoryControlHandler.py:14] > [GET] Request - /api/inventory/list
2022-05-17 21:23:34,889 	 [INFO | inventoryControlHandler.py:22] > [GET] Response - /api/inventory/list
2022-05-17 21:23:34,889 	 [INFO | web.py:2239] > 304 GET /api/inventory/list (::1) 0.00ms
2022-05-17 21:23:35,039 	 [INFO | web.py:2239] > 200 GET /static/css/bootstrap.min.css.map (::1) 135.03ms
2022-05-17 21:23:37,366 	 [INFO | web.py:2239] > 304 GET /? (::1) 1.00ms
2022-05-17 21:23:37,444 	 [INFO | web.py:2239] > 304 GET /?api/inventory/list (::1) 2.00ms
2022-05-17 21:23:37,462 	 [INFO | web.py:2239] > 200 GET /static/css/bootstrap.min.css.map (::1) 4.00ms
2022-05-17 21:24:12,329 	 [DEBUG | proactor_events.py:623] > Using proactor: IocpProactor
2022-05-17 21:24:12,338 	 [INFO | app.py:26] > [TEST] Dashboard service listening on http://localhost:8080
2022-05-17 21:24:14,146 	 [INFO | web.py:2239] > 200 GET / (::1) 5.00ms
2022-05-17 21:24:14,213 	 [INFO | inventoryControlHandler.py:14] > [GET] Request - /api/inventory/list
2022-05-17 21:24:14,213 	 [INFO | inventoryControlHandler.py:22] > [GET] Response - /api/inventory/list
2022-05-17 21:24:14,214 	 [INFO | web.py:2239] > 304 GET /api/inventory/list (::1) 2.00ms
2022-05-17 21:24:14,344 	 [INFO | web.py:2239] > 200 GET /static/css/bootstrap.min.css.map (::1) 120.03ms
2022-05-17 21:24:15,765 	 [INFO | web.py:2239] > 200 GET /? (::1) 1.00ms
2022-05-17 21:24:15,834 	 [INFO | web.py:2239] > 200 GET /?api/inventory/list (::1) 1.00ms
2022-05-17 21:24:15,852 	 [INFO | web.py:2239] > 200 GET /static/css/bootstrap.min.css.map (::1) 3.00ms
2022-05-17 21:24:55,419 	 [INFO | web.py:2239] > 304 GET / (::1) 0.99ms
2022-05-17 21:24:55,482 	 [INFO | inventoryControlHandler.py:14] > [GET] Request - /api/inventory/list
2022-05-17 21:24:55,482 	 [INFO | inventoryControlHandler.py:71] > Serving the request from cached data...
2022-05-17 21:24:55,482 	 [INFO | inventoryControlHandler.py:22] > [GET] Response - /api/inventory/list
2022-05-17 21:24:55,483 	 [INFO | web.py:2239] > 304 GET /api/inventory/list (::1) 2.00ms
2022-05-17 21:24:55,501 	 [INFO | web.py:2239] > 200 GET /static/css/bootstrap.min.css.map (::1) 3.00ms
2022-05-17 21:31:37,669 	 [DEBUG | proactor_events.py:623] > Using proactor: IocpProactor
2022-05-17 21:31:37,674 	 [INFO | app.py:26] > [TEST] Dashboard service listening on http://localhost:8080
2022-05-17 21:31:42,430 	 [INFO | web.py:2239] > 200 GET / (::1) 6.03ms
2022-05-17 21:31:42,609 	 [INFO | web.py:2239] > 200 GET /static/js/index.js?v=2e6a32330b6de3ed462132b5b8da32c2242f4456472a27a8df7f22bf8228d54cde0dadd8b1049466b2b1660f5f2e50daf6141adda5b1dfbf9df96965e2b1d7fa (::1) 140.34ms
2022-05-17 21:31:42,609 	 [INFO | web.py:2239] > 200 GET /static/css/bootstrap.min.css.map (::1) 0.00ms
2022-05-17 21:31:42,618 	 [INFO | inventoryControlHandler.py:14] > [GET] Request - /api/inventory/list
2022-05-17 21:31:42,618 	 [INFO | inventoryControlHandler.py:22] > [GET] Response - /api/inventory/list
2022-05-17 21:31:42,618 	 [INFO | web.py:2239] > 304 GET /api/inventory/list (::1) 0.00ms
2022-05-17 21:31:59,114 	 [DEBUG | proactor_events.py:623] > Using proactor: IocpProactor
2022-05-17 21:31:59,120 	 [INFO | app.py:26] > [TEST] Dashboard service listening on http://localhost:8080
2022-05-17 21:32:01,009 	 [INFO | web.py:2239] > 200 GET / (::1) 0.00ms
2022-05-17 21:32:01,069 	 [INFO | inventoryControlHandler.py:14] > [GET] Request - /api/inventory/list
2022-05-17 21:32:01,069 	 [INFO | inventoryControlHandler.py:22] > [GET] Response - /api/inventory/list
2022-05-17 21:32:01,069 	 [INFO | web.py:2239] > 304 GET /api/inventory/list (::1) 0.00ms
2022-05-17 21:32:01,228 	 [INFO | web.py:2239] > 200 GET /static/css/bootstrap.min.css.map (::1) 139.10ms
2022-05-17 21:33:42,354 	 [DEBUG | proactor_events.py:623] > Using proactor: IocpProactor
2022-05-17 21:33:42,359 	 [INFO | app.py:26] > [TEST] Dashboard service listening on http://localhost:8080
2022-05-17 21:33:44,779 	 [INFO | web.py:2239] > 200 GET / (::1) 0.00ms
2022-05-17 21:33:44,839 	 [INFO | inventoryControlHandler.py:14] > [GET] Request - /api/inventory/list
2022-05-17 21:33:44,839 	 [INFO | inventoryControlHandler.py:22] > [GET] Response - /api/inventory/list
2022-05-17 21:33:44,839 	 [INFO | web.py:2239] > 304 GET /api/inventory/list (::1) 0.00ms
2022-05-17 21:33:45,024 	 [INFO | web.py:2239] > 200 GET /static/css/bootstrap.min.css.map (::1) 175.00ms
2022-05-17 21:33:59,119 	 [DEBUG | proactor_events.py:623] > Using proactor: IocpProactor
2022-05-17 21:33:59,119 	 [INFO | app.py:26] > [TEST] Dashboard service listening on http://localhost:8080
2022-05-17 21:34:00,770 	 [INFO | web.py:2239] > 200 GET / (::1) 0.00ms
2022-05-17 21:34:00,829 	 [INFO | inventoryControlHandler.py:14] > [GET] Request - /api/inventory/list
2022-05-17 21:34:00,829 	 [INFO | inventoryControlHandler.py:22] > [GET] Response - /api/inventory/list
2022-05-17 21:34:00,829 	 [INFO | web.py:2239] > 304 GET /api/inventory/list (::1) 0.00ms
2022-05-17 21:34:00,971 	 [INFO | web.py:2239] > 200 GET /static/css/bootstrap.min.css.map (::1) 122.32ms
2022-05-17 21:34:22,902 	 [INFO | inventoryControlHandler.py:28] > [POST] Request - /api/inventory/create
2022-05-17 21:34:22,903 	 [INFO | web.py:2239] > 302 POST /api/inventory/create (::1) 1.00ms
2022-05-17 21:34:22,903 	 [INFO | inventoryControlHandler.py:37] > [POST] Response - /api/inventory/create
2022-05-17 21:34:22,914 	 [INFO | web.py:2239] > 200 GET /?state=SUCCESS (::1) 1.00ms
2022-05-17 21:34:22,996 	 [INFO | web.py:2239] > 200 GET /?state=SUCCESSapi/inventory/list (::1) 1.00ms
2022-05-17 21:34:23,019 	 [INFO | web.py:2239] > 200 GET /static/css/bootstrap.min.css.map (::1) 4.00ms
2022-05-17 21:37:32,329 	 [DEBUG | proactor_events.py:623] > Using proactor: IocpProactor
2022-05-17 21:37:32,333 	 [INFO | app.py:26] > [TEST] Dashboard service listening on http://localhost:8080
2022-05-17 21:38:40,396 	 [DEBUG | proactor_events.py:623] > Using proactor: IocpProactor
2022-05-17 21:38:40,401 	 [INFO | app.py:26] > [TEST] Dashboard service listening on http://localhost:8080
2022-05-17 21:38:53,960 	 [INFO | web.py:2239] > 200 GET / (::1) 3.01ms
2022-05-17 21:38:54,149 	 [INFO | web.py:2239] > 200 GET /static/js/index.js?v=4ed1a2c07bd0bfb0b81003156a596539451ebee128ec04c2ba98c05d9757532984d58c45049c8cc03c2185ddee2c42bd84390f4d784b6f185d197d0081ec017c (::1) 163.91ms
2022-05-17 21:38:54,266 	 [INFO | web.py:2239] > 304 GET / (::1) 0.99ms
2022-05-17 21:38:54,338 	 [INFO | inventoryControlHandler.py:14] > [GET] Request - /api/inventory/list
2022-05-17 21:38:54,338 	 [INFO | inventoryControlHandler.py:22] > [GET] Response - /api/inventory/list
2022-05-17 21:38:54,339 	 [INFO | web.py:2239] > 304 GET /api/inventory/list (::1) 1.00ms
2022-05-17 21:38:54,343 	 [INFO | web.py:2239] > 200 GET /static/css/bootstrap.min.css.map (::1) 4.00ms
2022-05-17 21:39:07,146 	 [INFO | inventoryControlHandler.py:28] > [POST] Request - /api/inventory/create
2022-05-17 21:39:07,147 	 [INFO | web.py:2239] > 302 POST /api/inventory/create (::1) 1.00ms
2022-05-17 21:39:07,147 	 [INFO | inventoryControlHandler.py:37] > [POST] Response - /api/inventory/create
2022-05-17 21:39:07,152 	 [INFO | web.py:2239] > 200 GET /?status=SUCCESS (::1) 0.99ms
2022-05-17 21:39:07,226 	 [INFO | inventoryControlHandler.py:14] > [GET] Request - /api/inventory/list
2022-05-17 21:39:07,227 	 [INFO | inventoryControlHandler.py:22] > [GET] Response - /api/inventory/list
2022-05-17 21:39:07,227 	 [INFO | web.py:2239] > 200 GET /api/inventory/list (::1) 1.00ms
2022-05-17 21:39:07,246 	 [INFO | web.py:2239] > 200 GET /static/css/bootstrap.min.css.map (::1) 3.00ms
2022-05-17 21:40:21,559 	 [DEBUG | proactor_events.py:623] > Using proactor: IocpProactor
2022-05-17 21:40:21,565 	 [INFO | app.py:26] > [TEST] Dashboard service listening on http://localhost:8080
2022-05-17 21:41:05,481 	 [INFO | inventoryControlHandler.py:28] > [POST] Request - /api/inventory/update
2022-05-17 21:48:28,855 	 [DEBUG | proactor_events.py:623] > Using proactor: IocpProactor
2022-05-17 21:48:28,859 	 [INFO | app.py:26] > [TEST] Dashboard service listening on http://localhost:8080
2022-05-17 21:48:28,921 	 [INFO | inventoryControlHandler.py:28] > [POST] Request - /api/inventory/update
2022-05-17 21:48:28,921 	 [WARNING | web.py:2239] > 404 POST /api/inventory/update (127.0.0.1) 1.01ms
2022-05-17 21:48:32,919 	 [INFO | web.py:2239] > 304 GET / (127.0.0.1) 9.99ms
2022-05-17 21:48:33,159 	 [INFO | web.py:2239] > 304 GET / (127.0.0.1) 0.00ms
2022-05-17 21:48:33,209 	 [INFO | inventoryControlHandler.py:14] > [GET] Request - /api/inventory/list
2022-05-17 21:48:33,209 	 [INFO | inventoryControlHandler.py:22] > [GET] Response - /api/inventory/list
2022-05-17 21:48:33,209 	 [INFO | web.py:2239] > 200 GET /api/inventory/list (127.0.0.1) 0.00ms
2022-05-17 21:48:33,349 	 [INFO | web.py:2239] > 200 GET /static/css/bootstrap.min.css.map (::1) 134.90ms
2022-05-17 21:49:15,804 	 [INFO | inventoryControlHandler.py:28] > [POST] Request - /api/inventory/update
2022-05-17 21:49:15,804 	 [WARNING | web.py:2239] > 404 POST /api/inventory/update (::1) 1.00ms
2022-05-17 21:50:14,099 	 [DEBUG | proactor_events.py:623] > Using proactor: IocpProactor
2022-05-17 21:50:14,108 	 [INFO | app.py:26] > [TEST] Dashboard service listening on http://localhost:8080
2022-05-17 21:50:15,993 	 [INFO | web.py:2239] > 304 GET / (::1) 15.00ms
2022-05-17 21:50:16,259 	 [INFO | web.py:2239] > 200 GET /static/css/bootstrap.min.css.map (::1) 173.29ms
2022-05-17 21:50:16,259 	 [INFO | inventoryControlHandler.py:14] > [GET] Request - /api/inventory/list
2022-05-17 21:50:16,259 	 [INFO | inventoryControlHandler.py:22] > [GET] Response - /api/inventory/list
2022-05-17 21:50:16,259 	 [INFO | web.py:2239] > 304 GET /api/inventory/list (::1) 0.00ms
2022-05-17 21:50:30,470 	 [INFO | inventoryControlHandler.py:28] > [POST] Request - /api/inventory/update
2022-05-17 21:52:06,383 	 [DEBUG | proactor_events.py:623] > Using proactor: IocpProactor
2022-05-17 21:52:06,387 	 [INFO | app.py:26] > [TEST] Dashboard service listening on http://localhost:8080
2022-05-17 21:52:09,231 	 [INFO | web.py:2239] > 304 GET / (::1) 5.00ms
2022-05-17 21:52:09,298 	 [INFO | inventoryControlHandler.py:14] > [GET] Request - /api/inventory/list
2022-05-17 21:52:09,298 	 [INFO | inventoryControlHandler.py:22] > [GET] Response - /api/inventory/list
2022-05-17 21:52:09,298 	 [INFO | web.py:2239] > 304 GET /api/inventory/list (::1) 0.00ms
2022-05-17 21:52:09,451 	 [INFO | web.py:2239] > 200 GET /static/css/bootstrap.min.css.map (::1) 115.03ms
2022-05-17 21:52:57,015 	 [INFO | inventoryControlHandler.py:28] > [POST] Request - /api/inventory/update
2022-05-17 21:52:57,016 	 [WARNING | web.py:2239] > 404 POST /api/inventory/update (::1) 1.00ms
2022-05-17 21:53:07,187 	 [DEBUG | proactor_events.py:623] > Using proactor: IocpProactor
2022-05-17 21:53:07,194 	 [INFO | app.py:26] > [TEST] Dashboard service listening on http://localhost:8080
2022-05-17 21:53:20,889 	 [INFO | web.py:2239] > 304 GET / (::1) 12.00ms
2022-05-17 21:53:21,171 	 [INFO | web.py:2239] > 200 GET /static/css/bootstrap.min.css.map (::1) 172.04ms
2022-05-17 21:53:21,173 	 [INFO | inventoryControlHandler.py:14] > [GET] Request - /api/inventory/list
2022-05-17 21:53:21,174 	 [INFO | inventoryControlHandler.py:22] > [GET] Response - /api/inventory/list
2022-05-17 21:53:21,175 	 [INFO | web.py:2239] > 304 GET /api/inventory/list (::1) 2.00ms
2022-05-17 21:53:32,465 	 [INFO | inventoryControlHandler.py:28] > [POST] Request - /api/inventory/update
2022-05-17 21:54:56,320 	 [DEBUG | proactor_events.py:623] > Using proactor: IocpProactor
2022-05-17 21:54:56,339 	 [INFO | app.py:26] > [TEST] Dashboard service listening on http://localhost:8080
2022-05-17 21:54:56,352 	 [INFO | inventoryControlHandler.py:28] > [POST] Request - /api/inventory/update
2022-05-17 21:55:07,380 	 [INFO | web.py:2239] > 302 POST /api/inventory/update (::1) 11028.61ms
2022-05-17 21:55:07,380 	 [INFO | inventoryControlHandler.py:37] > [POST] Response - /api/inventory/update
2022-05-17 21:55:07,395 	 [INFO | web.py:2239] > 304 GET /?status=SUCCESS (::1) 9.00ms
2022-05-17 21:55:07,471 	 [INFO | inventoryControlHandler.py:14] > [GET] Request - /api/inventory/list
2022-05-17 21:55:07,472 	 [INFO | inventoryControlHandler.py:22] > [GET] Response - /api/inventory/list
2022-05-17 21:55:07,473 	 [INFO | web.py:2239] > 200 GET /api/inventory/list (::1) 3.00ms
2022-05-17 21:55:07,638 	 [INFO | web.py:2239] > 200 GET /static/css/bootstrap.min.css.map (::1) 141.03ms
2022-05-17 21:57:33,978 	 [DEBUG | proactor_events.py:623] > Using proactor: IocpProactor
2022-05-17 21:57:33,978 	 [INFO | app.py:26] > [TEST] Dashboard service listening on http://localhost:8080
2022-05-17 21:57:40,512 	 [INFO | web.py:2239] > 200 GET / (::1) 7.00ms
2022-05-17 21:57:40,764 	 [INFO | web.py:2239] > 304 GET / (::1) 1.01ms
2022-05-17 21:57:40,832 	 [INFO | inventoryControlHandler.py:14] > [GET] Request - /api/inventory/list
2022-05-17 21:57:40,832 	 [INFO | inventoryControlHandler.py:22] > [GET] Response - /api/inventory/list
2022-05-17 21:57:40,833 	 [INFO | web.py:2239] > 200 GET /api/inventory/list (::1) 1.00ms
2022-05-17 21:57:41,047 	 [INFO | web.py:2239] > 200 GET /static/css/bootstrap.min.css.map (::1) 192.04ms
2022-05-17 21:57:47,727 	 [INFO | inventoryControlHandler.py:14] > [GET] Request - /api/inventory/delete
2022-05-17 21:57:47,727 	 [ERROR | inventoryControlHandler.py:24] > Unknow request received: DELETE
Traceback (most recent call last):
  File "D:\Sherine Davis\Code\PycharmProjects\Shopify-Developer-Intern-Challenge\shopify\service\handler\inventoryControlHandler.py", line 20, in get
    raise Exception('Unknow request received: {}'.format(slug))
Exception: Unknow request received: DELETE
2022-05-17 21:57:47,728 	 [WARNING | web.py:2239] > 404 GET /api/inventory/delete?code=123AB (::1) 2.00ms
2022-05-17 21:59:03,669 	 [DEBUG | proactor_events.py:623] > Using proactor: IocpProactor
2022-05-17 21:59:03,674 	 [INFO | app.py:26] > [TEST] Dashboard service listening on http://localhost:8080
2022-05-17 21:59:08,739 	 [INFO | web.py:2239] > 200 GET / (::1) 10.05ms
2022-05-17 21:59:08,819 	 [INFO | inventoryControlHandler.py:14] > [GET] Request - /api/inventory/list
2022-05-17 21:59:08,819 	 [INFO | inventoryControlHandler.py:22] > [GET] Response - /api/inventory/list
2022-05-17 21:59:08,819 	 [INFO | web.py:2239] > 304 GET /api/inventory/list (::1) 0.00ms
2022-05-17 21:59:08,968 	 [INFO | web.py:2239] > 200 GET /static/css/bootstrap.min.css.map (::1) 149.90ms
2022-05-17 21:59:14,765 	 [INFO | inventoryControlHandler.py:28] > [POST] Request - /api/inventory/delete
2022-05-17 21:59:49,009 	 [DEBUG | proactor_events.py:623] > Using proactor: IocpProactor
2022-05-17 21:59:49,009 	 [INFO | app.py:26] > [TEST] Dashboard service listening on http://localhost:8080
2022-05-17 21:59:55,003 	 [INFO | web.py:2239] > 304 GET / (::1) 9.57ms
2022-05-17 21:59:55,272 	 [INFO | web.py:2239] > 200 GET /static/css/bootstrap.min.css.map (::1) 174.97ms
2022-05-17 21:59:55,272 	 [INFO | inventoryControlHandler.py:14] > [GET] Request - /api/inventory/list
2022-05-17 21:59:55,272 	 [INFO | inventoryControlHandler.py:22] > [GET] Response - /api/inventory/list
2022-05-17 21:59:55,272 	 [INFO | web.py:2239] > 304 GET /api/inventory/list (::1) 0.00ms
2022-05-17 22:00:02,363 	 [INFO | inventoryControlHandler.py:28] > [POST] Request - /api/inventory/delete
2022-05-17 22:00:12,629 	 [INFO | web.py:2239] > 302 POST /api/inventory/delete (::1) 10267.82ms
2022-05-17 22:00:12,629 	 [INFO | inventoryControlHandler.py:39] > [POST] Response - /api/inventory/delete
2022-05-17 22:00:12,679 	 [INFO | web.py:2239] > 200 GET /?status=SUCCESS (::1) 0.00ms
2022-05-17 22:00:12,949 	 [INFO | inventoryControlHandler.py:14] > [GET] Request - /api/inventory/list
2022-05-17 22:00:12,949 	 [INFO | inventoryControlHandler.py:22] > [GET] Response - /api/inventory/list
2022-05-17 22:00:12,949 	 [INFO | web.py:2239] > 200 GET /api/inventory/list (::1) 0.00ms
2022-05-17 22:00:12,971 	 [INFO | web.py:2239] > 200 GET /static/css/bootstrap.min.css.map (::1) 2.18ms
2022-05-17 22:00:21,128 	 [INFO | inventoryControlHandler.py:28] > [POST] Request - /api/inventory/delete
2022-05-17 22:00:23,536 	 [INFO | web.py:2239] > 302 POST /api/inventory/delete (::1) 2410.07ms
2022-05-17 22:00:23,536 	 [INFO | inventoryControlHandler.py:39] > [POST] Response - /api/inventory/delete
2022-05-17 22:00:23,542 	 [INFO | web.py:2239] > 304 GET /?status=SUCCESS (::1) 2.00ms
2022-05-17 22:00:23,690 	 [INFO | inventoryControlHandler.py:14] > [GET] Request - /api/inventory/list
2022-05-17 22:00:23,690 	 [INFO | inventoryControlHandler.py:22] > [GET] Response - /api/inventory/list
2022-05-17 22:00:23,691 	 [INFO | web.py:2239] > 304 GET /api/inventory/list (::1) 2.00ms
2022-05-17 22:00:23,729 	 [INFO | web.py:2239] > 200 GET /static/css/bootstrap.min.css.map (::1) 4.00ms
2022-05-17 22:03:59,560 	 [INFO | inventoryControlHandler.py:28] > [POST] Request - /api/inventory/create
2022-05-17 22:04:01,771 	 [INFO | web.py:2239] > 302 POST /api/inventory/create (::1) 2212.23ms
2022-05-17 22:04:01,771 	 [INFO | inventoryControlHandler.py:39] > [POST] Response - /api/inventory/create
2022-05-17 22:04:01,775 	 [INFO | web.py:2239] > 304 GET /?status=SUCCESS (::1) 1.00ms
2022-05-17 22:04:01,828 	 [INFO | inventoryControlHandler.py:14] > [GET] Request - /api/inventory/list
2022-05-17 22:04:01,829 	 [INFO | inventoryControlHandler.py:22] > [GET] Response - /api/inventory/list
2022-05-17 22:04:01,830 	 [INFO | web.py:2239] > 200 GET /api/inventory/list (::1) 2.00ms
2022-05-17 22:04:01,869 	 [INFO | web.py:2239] > 200 GET /static/css/bootstrap.min.css.map (::1) 3.00ms
2022-05-17 22:04:13,524 	 [INFO | inventoryControlHandler.py:28] > [POST] Request - /api/inventory/delete
2022-05-17 22:04:15,767 	 [INFO | web.py:2239] > 302 POST /api/inventory/delete (::1) 2243.84ms
2022-05-17 22:04:15,767 	 [INFO | inventoryControlHandler.py:39] > [POST] Response - /api/inventory/delete
2022-05-17 22:04:15,775 	 [INFO | web.py:2239] > 304 GET /?status=SUCCESS (::1) 2.00ms
2022-05-17 22:04:15,862 	 [INFO | inventoryControlHandler.py:14] > [GET] Request - /api/inventory/list
2022-05-17 22:04:15,862 	 [INFO | inventoryControlHandler.py:22] > [GET] Response - /api/inventory/list
2022-05-17 22:04:15,863 	 [INFO | web.py:2239] > 200 GET /api/inventory/list (::1) 2.00ms
2022-05-17 22:04:15,897 	 [INFO | web.py:2239] > 200 GET /static/css/bootstrap.min.css.map (::1) 4.00ms
2022-05-17 22:56:32,576 	 [DEBUG | proactor_events.py:623] > Using proactor: IocpProactor
2022-05-17 22:56:32,580 	 [INFO | app.py:26] > [TEST] Dashboard service listening on http://localhost:8080
2022-05-17 22:56:37,489 	 [INFO | web.py:2239] > 200 GET / (::1) 6.00ms
2022-05-17 22:56:37,853 	 [INFO | web.py:2239] > 304 GET / (::1) 1.00ms
2022-05-17 22:56:37,980 	 [INFO | inventoryControlHandler.py:14] > [GET] Request - /api/inventory/list
2022-05-17 22:56:37,981 	 [INFO | inventoryControlHandler.py:22] > [GET] Response - /api/inventory/list
2022-05-17 22:56:37,981 	 [INFO | web.py:2239] > 200 GET /api/inventory/list (::1) 1.00ms
2022-05-17 22:56:38,137 	 [INFO | web.py:2239] > 200 GET /static/css/bootstrap.min.css.map (::1) 155.03ms
2022-05-17 22:56:44,746 	 [INFO | web.py:2239] > 200 GET /display (::1) 1.00ms
2022-05-17 22:56:44,814 	 [INFO | inventoryControlHandler.py:14] > [GET] Request - /api/inventory/list
2022-05-17 22:56:44,814 	 [INFO | inventoryControlHandler.py:61] > Serving the request from cached data...
2022-05-17 22:56:44,814 	 [INFO | inventoryControlHandler.py:22] > [GET] Response - /api/inventory/list
2022-05-17 22:56:44,815 	 [INFO | web.py:2239] > 304 GET /api/inventory/list (::1) 1.00ms
2022-05-17 22:56:44,873 	 [INFO | web.py:2239] > 200 GET /static/css/bootstrap.min.css.map (::1) 3.00ms
2022-05-17 22:56:52,053 	 [INFO | web.py:2239] > 200 GET /undelete (::1) 4.07ms
2022-05-17 22:56:52,113 	 [INFO | web.py:2239] > 200 GET /static/js/undelete.js?v=9db0adc29ed2d12688db428dcdd6af56978be94ecfbe6b47676228b3c2317b29792a8a2213852a0266d137fc064d0de1b8146df487e196c4bb34f22ea1cc1acd (::1) 1.16ms
2022-05-17 22:56:52,132 	 [INFO | inventoryControlHandler.py:14] > [GET] Request - /api/inventory/undeletelist
2022-05-17 22:56:52,132 	 [ERROR | inventoryControlHandler.py:24] > Unknow request received: UNDELETELIST
Traceback (most recent call last):
  File "D:\Sherine Davis\Code\PycharmProjects\Shopify-Developer-Intern-Challenge\shopify\service\handler\inventoryControlHandler.py", line 20, in get
    raise Exception('Unknow request received: {}'.format(slug))
Exception: Unknow request received: UNDELETELIST
2022-05-17 22:56:52,134 	 [WARNING | web.py:2239] > 404 GET /api/inventory/undeletelist (::1) 2.00ms
2022-05-17 22:56:52,137 	 [INFO | web.py:2239] > 200 GET /static/css/bootstrap.min.css.map (::1) 2.01ms
2022-05-17 22:59:23,147 	 [DEBUG | proactor_events.py:623] > Using proactor: IocpProactor
2022-05-17 22:59:23,153 	 [INFO | app.py:26] > [TEST] Dashboard service listening on http://localhost:8080
2022-05-17 22:59:23,253 	 [INFO | web.py:2239] > 304 GET /display (::1) 6.00ms
2022-05-17 22:59:23,407 	 [INFO | inventoryControlHandler.py:15] > [GET] Request - /api/inventory/list
2022-05-17 22:59:23,407 	 [INFO | inventoryControlHandler.py:25] > [GET] Response - /api/inventory/list
2022-05-17 22:59:23,408 	 [INFO | web.py:2239] > 304 GET /api/inventory/list (::1) 1.00ms
2022-05-17 22:59:23,671 	 [INFO | web.py:2239] > 200 GET /static/css/bootstrap.min.css.map (::1) 174.19ms
2022-05-17 22:59:34,324 	 [INFO | inventoryControlHandler.py:31] > [POST] Request - /api/inventory/delete
2022-05-17 22:59:34,325 	 [INFO | web.py:2239] > 302 POST /api/inventory/delete (::1) 2.00ms
2022-05-17 22:59:34,331 	 [INFO | web.py:2239] > 200 GET /?status=ERROR (::1) 1.00ms
2022-05-17 22:59:34,404 	 [INFO | inventoryControlHandler.py:15] > [GET] Request - /api/inventory/list
2022-05-17 22:59:34,404 	 [INFO | inventoryControlHandler.py:70] > Serving the request from cached data...
2022-05-17 22:59:34,405 	 [INFO | inventoryControlHandler.py:25] > [GET] Response - /api/inventory/list
2022-05-17 22:59:34,405 	 [INFO | web.py:2239] > 304 GET /api/inventory/list (::1) 1.00ms
2022-05-17 22:59:34,418 	 [INFO | web.py:2239] > 200 GET /static/css/bootstrap.min.css.map (::1) 2.00ms
2022-05-17 23:00:09,568 	 [DEBUG | proactor_events.py:623] > Using proactor: IocpProactor
2022-05-17 23:00:09,575 	 [INFO | app.py:26] > [TEST] Dashboard service listening on http://localhost:8080
2022-05-17 23:00:20,678 	 [INFO | web.py:2239] > 304 GET / (::1) 4434.86ms
2022-05-17 23:00:20,738 	 [INFO | inventoryControlHandler.py:15] > [GET] Request - /api/inventory/list
2022-05-17 23:00:20,738 	 [INFO | inventoryControlHandler.py:25] > [GET] Response - /api/inventory/list
2022-05-17 23:00:20,738 	 [INFO | web.py:2239] > 304 GET /api/inventory/list (::1) 0.00ms
2022-05-17 23:00:20,928 	 [INFO | web.py:2239] > 200 GET /static/css/bootstrap.min.css.map (::1) 159.93ms
2022-05-17 23:00:32,150 	 [INFO | inventoryControlHandler.py:31] > [POST] Request - /api/inventory/delete
2022-05-17 23:01:51,884 	 [DEBUG | proactor_events.py:623] > Using proactor: IocpProactor
2022-05-17 23:01:51,888 	 [INFO | app.py:26] > [TEST] Dashboard service listening on http://localhost:8080
2022-05-17 23:01:51,998 	 [INFO | inventoryControlHandler.py:31] > [POST] Request - /api/inventory/delete
2022-05-17 23:02:18,185 	 [INFO | web.py:2239] > 302 POST /api/inventory/delete (127.0.0.1) 26190.97ms
2022-05-17 23:02:18,185 	 [INFO | inventoryControlHandler.py:41] > [POST] Response - /api/inventory/delete
2022-05-17 23:02:20,608 	 [INFO | web.py:2239] > 200 GET /?status=SUCCESS (127.0.0.1) 2419.91ms
2022-05-17 23:02:20,690 	 [INFO | inventoryControlHandler.py:15] > [GET] Request - /api/inventory/list
2022-05-17 23:02:20,690 	 [INFO | inventoryControlHandler.py:25] > [GET] Response - /api/inventory/list
2022-05-17 23:02:20,690 	 [INFO | web.py:2239] > 200 GET /api/inventory/list (127.0.0.1) 0.00ms
2022-05-17 23:02:20,883 	 [INFO | web.py:2239] > 200 GET /static/css/bootstrap.min.css.map (127.0.0.1) 177.44ms
2022-05-17 23:02:38,601 	 [INFO | web.py:2239] > 200 GET /? (127.0.0.1) 12043.68ms
2022-05-17 23:02:38,688 	 [INFO | inventoryControlHandler.py:15] > [GET] Request - /api/inventory/list
2022-05-17 23:02:38,688 	 [INFO | inventoryControlHandler.py:68] > Serving the request from cached data...
2022-05-17 23:02:38,688 	 [INFO | inventoryControlHandler.py:25] > [GET] Response - /api/inventory/list
2022-05-17 23:02:38,688 	 [INFO | web.py:2239] > 304 GET /api/inventory/list (127.0.0.1) 0.00ms
2022-05-17 23:02:38,718 	 [INFO | web.py:2239] > 200 GET /static/css/bootstrap.min.css.map (127.0.0.1) 9.56ms
2022-05-17 23:03:16,553 	 [DEBUG | proactor_events.py:623] > Using proactor: IocpProactor
2022-05-17 23:03:16,559 	 [INFO | app.py:26] > [TEST] Dashboard service listening on http://localhost:8080
2022-05-17 23:03:23,562 	 [INFO | web.py:2239] > 200 GET / (::1) 3550.06ms
2022-05-17 23:03:28,584 	 [INFO | web.py:2239] > 304 GET / (::1) 2147.01ms
2022-05-17 23:03:28,716 	 [INFO | inventoryControlHandler.py:15] > [GET] Request - /api/inventory/list
2022-05-17 23:03:28,717 	 [INFO | inventoryControlHandler.py:25] > [GET] Response - /api/inventory/list
2022-05-17 23:03:28,719 	 [INFO | web.py:2239] > 200 GET /api/inventory/list (::1) 3.00ms
2022-05-17 23:03:28,896 	 [INFO | web.py:2239] > 200 GET /static/css/bootstrap.min.css.map (::1) 146.03ms
2022-05-17 23:03:34,236 	 [INFO | inventoryControlHandler.py:31] > [POST] Request - /api/inventory/delete
2022-05-17 23:03:37,278 	 [INFO | web.py:2239] > 302 POST /api/inventory/delete (::1) 3044.94ms
2022-05-17 23:03:37,278 	 [INFO | inventoryControlHandler.py:41] > [POST] Response - /api/inventory/delete
2022-05-17 23:03:37,988 	 [INFO | web.py:2239] > 200 GET /?status=SUCCESS (::1) 705.34ms
2022-05-17 23:03:38,056 	 [INFO | inventoryControlHandler.py:15] > [GET] Request - /api/inventory/list
2022-05-17 23:03:38,056 	 [INFO | inventoryControlHandler.py:25] > [GET] Response - /api/inventory/list
2022-05-17 23:03:38,057 	 [INFO | web.py:2239] > 200 GET /api/inventory/list (::1) 2.00ms
2022-05-17 23:03:38,100 	 [INFO | web.py:2239] > 200 GET /static/css/bootstrap.min.css.map (::1) 4.00ms
2022-05-17 23:03:49,549 	 [INFO | web.py:2239] > 200 GET /undelete? (::1) 4521.23ms
2022-05-17 23:03:49,619 	 [INFO | inventoryControlHandler.py:15] > [GET] Request - /api/inventory/undeletelist
2022-05-17 23:03:49,619 	 [ERROR | inventoryControlHandler.py:27] > Unknow request received: UNDELETELIST
Traceback (most recent call last):
  File "D:\Sherine Davis\Code\PycharmProjects\Shopify-Developer-Intern-Challenge\shopify\service\handler\inventoryControlHandler.py", line 23, in get
    raise Exception('Unknow request received: {}'.format(slug))
Exception: Unknow request received: UNDELETELIST
2022-05-17 23:03:49,621 	 [WARNING | web.py:2239] > 404 GET /api/inventory/undeletelist (::1) 3.00ms
2022-05-17 23:03:49,664 	 [INFO | web.py:2239] > 200 GET /static/css/bootstrap.min.css.map (::1) 3.00ms
2022-05-17 23:04:32,508 	 [DEBUG | proactor_events.py:623] > Using proactor: IocpProactor
2022-05-17 23:04:32,508 	 [INFO | app.py:26] > [TEST] Dashboard service listening on http://localhost:8080
2022-05-17 23:04:38,039 	 [INFO | web.py:2239] > 200 GET /display (::1) 7.00ms
2022-05-17 23:04:38,138 	 [INFO | inventoryControlHandler.py:15] > [GET] Request - /api/inventory/list
2022-05-17 23:04:38,138 	 [INFO | inventoryControlHandler.py:25] > [GET] Response - /api/inventory/list
2022-05-17 23:04:38,139 	 [INFO | web.py:2239] > 200 GET /api/inventory/list (::1) 2.00ms
2022-05-17 23:04:38,311 	 [INFO | web.py:2239] > 200 GET /static/css/bootstrap.min.css.map (::1) 164.04ms
2022-05-17 23:04:42,876 	 [INFO | inventoryControlHandler.py:31] > [POST] Request - /api/inventory/delete
2022-05-17 23:04:42,876 	 [INFO | web.py:2239] > 302 POST /api/inventory/delete (::1) 1.00ms
2022-05-17 23:04:42,877 	 [INFO | inventoryControlHandler.py:41] > [POST] Response - /api/inventory/delete
2022-05-17 23:04:42,881 	 [INFO | web.py:2239] > 304 GET /?status=SUCCESS (::1) 1.00ms
2022-05-17 23:04:42,958 	 [INFO | inventoryControlHandler.py:15] > [GET] Request - /api/inventory/list
2022-05-17 23:04:42,958 	 [INFO | inventoryControlHandler.py:25] > [GET] Response - /api/inventory/list
2022-05-17 23:04:42,959 	 [INFO | web.py:2239] > 200 GET /api/inventory/list (::1) 2.00ms
2022-05-17 23:04:42,985 	 [INFO | web.py:2239] > 200 GET /static/css/bootstrap.min.css.map (::1) 2.00ms
2022-05-17 23:04:46,018 	 [INFO | web.py:2239] > 200 GET /display? (::1) 0.00ms
2022-05-17 23:04:46,088 	 [INFO | inventoryControlHandler.py:15] > [GET] Request - /api/inventory/list
2022-05-17 23:04:46,088 	 [INFO | inventoryControlHandler.py:68] > Serving the request from cached data...
2022-05-17 23:04:46,088 	 [INFO | inventoryControlHandler.py:25] > [GET] Response - /api/inventory/list
2022-05-17 23:04:46,088 	 [INFO | web.py:2239] > 304 GET /api/inventory/list (::1) 1.00ms
2022-05-17 23:04:46,137 	 [INFO | web.py:2239] > 200 GET /static/css/bootstrap.min.css.map (::1) 6.00ms
2022-05-17 23:04:47,759 	 [INFO | web.py:2239] > 304 GET /undelete? (::1) 2.00ms
2022-05-17 23:04:47,824 	 [INFO | inventoryControlHandler.py:15] > [GET] Request - /api/inventory/undeletelist
2022-05-17 23:04:47,824 	 [INFO | inventoryControlHandler.py:25] > [GET] Response - /api/inventory/undeletelist
2022-05-17 23:04:47,824 	 [INFO | web.py:2239] > 200 GET /api/inventory/undeletelist (::1) 0.00ms
2022-05-17 23:04:47,835 	 [INFO | web.py:2239] > 200 GET /static/css/bootstrap.min.css.map (::1) 2.00ms
2022-05-17 23:05:38,829 	 [DEBUG | proactor_events.py:623] > Using proactor: IocpProactor
2022-05-17 23:05:38,833 	 [INFO | app.py:26] > [TEST] Dashboard service listening on http://localhost:8080
2022-05-17 23:05:43,723 	 [INFO | web.py:2239] > 304 GET /display (::1) 3.00ms
2022-05-17 23:05:43,789 	 [INFO | inventoryControlHandler.py:15] > [GET] Request - /api/inventory/list
2022-05-17 23:05:43,790 	 [INFO | inventoryControlHandler.py:25] > [GET] Response - /api/inventory/list
2022-05-17 23:05:43,790 	 [INFO | web.py:2239] > 200 GET /api/inventory/list (::1) 1.00ms
2022-05-17 23:05:43,979 	 [INFO | web.py:2239] > 200 GET /static/css/bootstrap.min.css.map (::1) 185.04ms
2022-05-17 23:05:46,013 	 [INFO | web.py:2239] > 304 GET /display? (::1) 1.00ms
2022-05-17 23:05:46,082 	 [INFO | inventoryControlHandler.py:15] > [GET] Request - /api/inventory/list
2022-05-17 23:05:46,082 	 [INFO | inventoryControlHandler.py:68] > Serving the request from cached data...
2022-05-17 23:05:46,083 	 [INFO | inventoryControlHandler.py:25] > [GET] Response - /api/inventory/list
2022-05-17 23:05:46,083 	 [INFO | web.py:2239] > 304 GET /api/inventory/list (::1) 1.00ms
2022-05-17 23:05:46,132 	 [INFO | web.py:2239] > 200 GET /static/css/bootstrap.min.css.map (::1) 3.00ms
2022-05-17 23:05:47,227 	 [INFO | web.py:2239] > 304 GET /display? (::1) 1.00ms
2022-05-17 23:05:47,313 	 [INFO | inventoryControlHandler.py:15] > [GET] Request - /api/inventory/list
2022-05-17 23:05:47,313 	 [INFO | inventoryControlHandler.py:68] > Serving the request from cached data...
2022-05-17 23:05:47,313 	 [INFO | inventoryControlHandler.py:25] > [GET] Response - /api/inventory/list
2022-05-17 23:05:47,314 	 [INFO | web.py:2239] > 304 GET /api/inventory/list (::1) 1.00ms
2022-05-17 23:05:47,372 	 [INFO | web.py:2239] > 200 GET /static/css/bootstrap.min.css.map (::1) 2.00ms
2022-05-17 23:05:48,173 	 [INFO | web.py:2239] > 304 GET /display? (::1) 0.00ms
2022-05-17 23:05:48,234 	 [INFO | inventoryControlHandler.py:15] > [GET] Request - /api/inventory/list
2022-05-17 23:05:48,234 	 [INFO | inventoryControlHandler.py:68] > Serving the request from cached data...
2022-05-17 23:05:48,235 	 [INFO | inventoryControlHandler.py:25] > [GET] Response - /api/inventory/list
2022-05-17 23:05:48,235 	 [INFO | web.py:2239] > 304 GET /api/inventory/list (::1) 3.00ms
2022-05-17 23:05:48,253 	 [INFO | web.py:2239] > 200 GET /static/css/bootstrap.min.css.map (::1) 3.00ms
2022-05-17 23:05:53,666 	 [INFO | inventoryControlHandler.py:31] > [POST] Request - /api/inventory/delete
2022-05-17 23:05:53,667 	 [INFO | web.py:2239] > 302 POST /api/inventory/delete (::1) 1.00ms
2022-05-17 23:05:53,667 	 [INFO | inventoryControlHandler.py:41] > [POST] Response - /api/inventory/delete
2022-05-17 23:05:53,672 	 [INFO | web.py:2239] > 304 GET /?status=SUCCESS (::1) 1.00ms
2022-05-17 23:05:53,755 	 [INFO | inventoryControlHandler.py:15] > [GET] Request - /api/inventory/list
2022-05-17 23:05:53,756 	 [INFO | inventoryControlHandler.py:25] > [GET] Response - /api/inventory/list
2022-05-17 23:05:53,756 	 [INFO | web.py:2239] > 200 GET /api/inventory/list (::1) 1.00ms
2022-05-17 23:05:53,794 	 [INFO | web.py:2239] > 200 GET /static/css/bootstrap.min.css.map (::1) 2.00ms
2022-05-17 23:05:55,472 	 [INFO | web.py:2239] > 304 GET /undelete? (::1) 2.01ms
2022-05-17 23:05:55,551 	 [INFO | inventoryControlHandler.py:15] > [GET] Request - /api/inventory/undeletelist
2022-05-17 23:05:55,551 	 [INFO | inventoryControlHandler.py:25] > [GET] Response - /api/inventory/undeletelist
2022-05-17 23:05:55,552 	 [INFO | web.py:2239] > 200 GET /api/inventory/undeletelist (::1) 2.00ms
2022-05-17 23:05:55,571 	 [INFO | web.py:2239] > 200 GET /static/css/bootstrap.min.css.map (::1) 3.00ms
2022-05-17 23:06:23,829 	 [INFO | inventoryControlHandler.py:31] > [POST] Request - /api/inventory/undelete
2022-05-17 23:06:23,830 	 [INFO | web.py:2239] > 302 POST /api/inventory/undelete (::1) 1.00ms
2022-05-17 23:06:23,836 	 [INFO | web.py:2239] > 200 GET /?status=ERROR (::1) 2.00ms
2022-05-17 23:06:23,930 	 [INFO | inventoryControlHandler.py:15] > [GET] Request - /api/inventory/list
2022-05-17 23:06:23,930 	 [INFO | inventoryControlHandler.py:68] > Serving the request from cached data...
2022-05-17 23:06:23,930 	 [INFO | inventoryControlHandler.py:25] > [GET] Response - /api/inventory/list
2022-05-17 23:06:23,930 	 [INFO | web.py:2239] > 304 GET /api/inventory/list (::1) 1.00ms
2022-05-17 23:06:23,951 	 [INFO | web.py:2239] > 200 GET /static/css/bootstrap.min.css.map (::1) 2.00ms
2022-05-17 23:09:34,930 	 [DEBUG | proactor_events.py:623] > Using proactor: IocpProactor
2022-05-17 23:09:34,930 	 [INFO | app.py:26] > [TEST] Dashboard service listening on http://localhost:8080
2022-05-17 23:09:42,213 	 [INFO | web.py:2239] > 304 GET / (::1) 7.00ms
2022-05-17 23:09:42,420 	 [INFO | web.py:2239] > 304 GET / (::1) 1.00ms
2022-05-17 23:09:42,684 	 [INFO | web.py:2239] > 200 GET /static/css/bootstrap.min.css.map (::1) 180.04ms
2022-05-17 23:09:42,686 	 [INFO | inventoryControlHandler.py:15] > [GET] Request - /api/inventory/list
2022-05-17 23:09:42,686 	 [INFO | inventoryControlHandler.py:25] > [GET] Response - /api/inventory/list
2022-05-17 23:09:42,686 	 [INFO | web.py:2239] > 200 GET /api/inventory/list (::1) 1.00ms
2022-05-17 23:09:48,391 	 [INFO | inventoryControlHandler.py:31] > [POST] Request - /api/inventory/delete
2022-05-17 23:09:48,392 	 [INFO | web.py:2239] > 302 POST /api/inventory/delete (::1) 1.00ms
2022-05-17 23:09:48,392 	 [INFO | inventoryControlHandler.py:43] > [POST] Response - /api/inventory/delete
2022-05-17 23:09:48,397 	 [INFO | web.py:2239] > 304 GET /?status=SUCCESS (::1) 1.00ms
2022-05-17 23:09:48,463 	 [INFO | inventoryControlHandler.py:15] > [GET] Request - /api/inventory/list
2022-05-17 23:09:48,464 	 [INFO | inventoryControlHandler.py:25] > [GET] Response - /api/inventory/list
2022-05-17 23:09:48,464 	 [INFO | web.py:2239] > 200 GET /api/inventory/list (::1) 1.00ms
2022-05-17 23:09:48,497 	 [INFO | web.py:2239] > 200 GET /static/css/bootstrap.min.css.map (::1) 3.00ms
2022-05-17 23:09:50,291 	 [INFO | web.py:2239] > 304 GET /undelete? (::1) 4.00ms
2022-05-17 23:09:50,356 	 [INFO | inventoryControlHandler.py:15] > [GET] Request - /api/inventory/undeletelist
2022-05-17 23:09:50,357 	 [INFO | inventoryControlHandler.py:25] > [GET] Response - /api/inventory/undeletelist
2022-05-17 23:09:50,357 	 [INFO | web.py:2239] > 304 GET /api/inventory/undeletelist (::1) 1.00ms
2022-05-17 23:09:50,369 	 [INFO | web.py:2239] > 200 GET /static/css/bootstrap.min.css.map (::1) 2.00ms
2022-05-17 23:09:55,031 	 [INFO | inventoryControlHandler.py:31] > [POST] Request - /api/inventory/undelete
2022-05-17 23:09:55,032 	 [INFO | web.py:2239] > 302 POST /api/inventory/undelete (::1) 1.00ms
2022-05-17 23:09:55,032 	 [INFO | inventoryControlHandler.py:43] > [POST] Response - /api/inventory/undelete
2022-05-17 23:09:55,037 	 [INFO | web.py:2239] > 304 GET /?status=SUCCESS (::1) 1.00ms
2022-05-17 23:09:55,147 	 [INFO | inventoryControlHandler.py:15] > [GET] Request - /api/inventory/list
2022-05-17 23:09:55,148 	 [INFO | inventoryControlHandler.py:25] > [GET] Response - /api/inventory/list
2022-05-17 23:09:55,148 	 [INFO | web.py:2239] > 200 GET /api/inventory/list (::1) 1.00ms
2022-05-17 23:09:55,152 	 [INFO | web.py:2239] > 200 GET /static/css/bootstrap.min.css.map (::1) 3.00ms
2022-05-17 23:10:14,604 	 [INFO | inventoryControlHandler.py:31] > [POST] Request - /api/inventory/update
2022-05-17 23:10:14,605 	 [INFO | web.py:2239] > 302 POST /api/inventory/update (::1) 1.00ms
2022-05-17 23:10:14,605 	 [INFO | inventoryControlHandler.py:43] > [POST] Response - /api/inventory/update
2022-05-17 23:10:14,615 	 [INFO | web.py:2239] > 304 GET /?status=SUCCESS (::1) 1.00ms
2022-05-17 23:10:14,710 	 [INFO | inventoryControlHandler.py:15] > [GET] Request - /api/inventory/list
2022-05-17 23:10:14,710 	 [INFO | inventoryControlHandler.py:25] > [GET] Response - /api/inventory/list
2022-05-17 23:10:14,711 	 [INFO | web.py:2239] > 200 GET /api/inventory/list (::1) 1.00ms
2022-05-17 23:10:14,720 	 [INFO | web.py:2239] > 200 GET /static/css/bootstrap.min.css.map (::1) 4.00ms
2022-05-17 23:10:38,824 	 [INFO | inventoryControlHandler.py:31] > [POST] Request - /api/inventory/create
2022-05-17 23:10:38,825 	 [INFO | web.py:2239] > 302 POST /api/inventory/create (::1) 1.00ms
2022-05-17 23:10:38,825 	 [INFO | inventoryControlHandler.py:43] > [POST] Response - /api/inventory/create
2022-05-17 23:10:38,829 	 [INFO | web.py:2239] > 304 GET /?status=SUCCESS (::1) 1.00ms
2022-05-17 23:10:38,889 	 [INFO | inventoryControlHandler.py:15] > [GET] Request - /api/inventory/list
2022-05-17 23:10:38,890 	 [INFO | inventoryControlHandler.py:25] > [GET] Response - /api/inventory/list
2022-05-17 23:10:38,890 	 [INFO | web.py:2239] > 200 GET /api/inventory/list (::1) 1.00ms
2022-05-17 23:10:38,940 	 [INFO | web.py:2239] > 200 GET /static/css/bootstrap.min.css.map (::1) 4.00ms
2022-05-17 23:10:49,126 	 [INFO | inventoryControlHandler.py:31] > [POST] Request - /api/inventory/delete
2022-05-17 23:10:49,126 	 [INFO | web.py:2239] > 302 POST /api/inventory/delete (::1) 1.00ms
2022-05-17 23:10:49,126 	 [INFO | inventoryControlHandler.py:43] > [POST] Response - /api/inventory/delete
2022-05-17 23:10:49,130 	 [INFO | web.py:2239] > 304 GET /?status=SUCCESS (::1) 1.00ms
2022-05-17 23:10:49,193 	 [INFO | inventoryControlHandler.py:15] > [GET] Request - /api/inventory/list
2022-05-17 23:10:49,194 	 [INFO | inventoryControlHandler.py:25] > [GET] Response - /api/inventory/list
2022-05-17 23:10:49,194 	 [INFO | web.py:2239] > 200 GET /api/inventory/list (::1) 1.00ms
2022-05-17 23:10:49,212 	 [INFO | web.py:2239] > 200 GET /static/css/bootstrap.min.css.map (::1) 2.00ms
2022-05-17 23:10:52,681 	 [INFO | web.py:2239] > 304 GET /display? (::1) 1.00ms
2022-05-17 23:10:52,732 	 [INFO | inventoryControlHandler.py:15] > [GET] Request - /api/inventory/list
2022-05-17 23:10:52,733 	 [INFO | inventoryControlHandler.py:70] > Serving the request from cached data...
2022-05-17 23:10:52,733 	 [INFO | inventoryControlHandler.py:25] > [GET] Response - /api/inventory/list
2022-05-17 23:10:52,734 	 [INFO | web.py:2239] > 304 GET /api/inventory/list (::1) 2.00ms
2022-05-17 23:10:52,761 	 [INFO | web.py:2239] > 200 GET /static/css/bootstrap.min.css.map (::1) 2.00ms
2022-05-17 23:10:54,050 	 [INFO | web.py:2239] > 304 GET /undelete? (::1) 1.00ms
2022-05-17 23:10:54,134 	 [INFO | inventoryControlHandler.py:15] > [GET] Request - /api/inventory/undeletelist
2022-05-17 23:10:54,134 	 [INFO | inventoryControlHandler.py:25] > [GET] Response - /api/inventory/undeletelist
2022-05-17 23:10:54,134 	 [INFO | web.py:2239] > 200 GET /api/inventory/undeletelist (::1) 1.00ms
2022-05-17 23:10:54,142 	 [INFO | web.py:2239] > 200 GET /static/css/bootstrap.min.css.map (::1) 3.00ms
2022-05-17 23:10:59,919 	 [INFO | web.py:2239] > 304 GET /display? (::1) 1.00ms
2022-05-17 23:10:59,980 	 [INFO | inventoryControlHandler.py:15] > [GET] Request - /api/inventory/list
2022-05-17 23:10:59,980 	 [INFO | inventoryControlHandler.py:70] > Serving the request from cached data...
2022-05-17 23:10:59,980 	 [INFO | inventoryControlHandler.py:25] > [GET] Response - /api/inventory/list
2022-05-17 23:10:59,981 	 [INFO | web.py:2239] > 304 GET /api/inventory/list (::1) 1.00ms
2022-05-17 23:10:59,990 	 [INFO | web.py:2239] > 200 GET /static/css/bootstrap.min.css.map (::1) 3.00ms
2022-05-17 23:36:41,422 	 [INFO | inventoryControlHandler.py:31] > [POST] Request - /api/inventory/create
2022-05-17 23:36:41,422 	 [INFO | web.py:2239] > 302 POST /api/inventory/create (::1) 1.00ms
2022-05-17 23:36:41,423 	 [INFO | inventoryControlHandler.py:43] > [POST] Response - /api/inventory/create
2022-05-17 23:36:41,427 	 [INFO | web.py:2239] > 304 GET /?status=SUCCESS (::1) 1.00ms
2022-05-17 23:36:41,509 	 [INFO | inventoryControlHandler.py:15] > [GET] Request - /api/inventory/list
2022-05-17 23:36:41,510 	 [INFO | inventoryControlHandler.py:25] > [GET] Response - /api/inventory/list
2022-05-17 23:36:41,510 	 [INFO | web.py:2239] > 200 GET /api/inventory/list (::1) 1.00ms
2022-05-17 23:36:41,566 	 [INFO | web.py:2239] > 200 GET /static/css/bootstrap.min.css.map (::1) 2.00ms
2022-05-17 23:38:38,221 	 [INFO | inventoryControlHandler.py:31] > [POST] Request - /api/inventory/create
2022-05-17 23:38:38,221 	 [INFO | web.py:2239] > 302 POST /api/inventory/create (::1) 1.00ms
2022-05-17 23:38:38,221 	 [INFO | inventoryControlHandler.py:43] > [POST] Response - /api/inventory/create
2022-05-17 23:38:38,225 	 [INFO | web.py:2239] > 304 GET /?status=SUCCESS (::1) 0.00ms
2022-05-17 23:38:38,282 	 [INFO | inventoryControlHandler.py:15] > [GET] Request - /api/inventory/list
2022-05-17 23:38:38,283 	 [INFO | inventoryControlHandler.py:25] > [GET] Response - /api/inventory/list
2022-05-17 23:38:38,283 	 [INFO | web.py:2239] > 200 GET /api/inventory/list (::1) 1.00ms
2022-05-17 23:38:38,320 	 [INFO | web.py:2239] > 200 GET /static/css/bootstrap.min.css.map (::1) 2.00ms
2022-05-17 23:38:48,460 	 [INFO | inventoryControlHandler.py:31] > [POST] Request - /api/inventory/delete
2022-05-17 23:38:48,461 	 [INFO | web.py:2239] > 302 POST /api/inventory/delete (::1) 1.00ms
2022-05-17 23:38:48,464 	 [INFO | web.py:2239] > 304 GET /?status=ERROR (::1) 1.00ms
2022-05-17 23:38:48,538 	 [INFO | inventoryControlHandler.py:15] > [GET] Request - /api/inventory/list
2022-05-17 23:38:48,538 	 [INFO | inventoryControlHandler.py:70] > Serving the request from cached data...
2022-05-17 23:38:48,538 	 [INFO | inventoryControlHandler.py:25] > [GET] Response - /api/inventory/list
2022-05-17 23:38:48,539 	 [INFO | web.py:2239] > 304 GET /api/inventory/list (::1) 2.00ms
2022-05-17 23:38:48,632 	 [INFO | web.py:2239] > 200 GET /static/css/bootstrap.min.css.map (::1) 29.00ms
2022-05-17 23:46:09,948 	 [DEBUG | proactor_events.py:623] > Using proactor: IocpProactor
2022-05-17 23:46:09,958 	 [INFO | app.py:26] > [TEST] Dashboard service listening on http://localhost:8080
2022-05-17 23:46:38,715 	 [INFO | web.py:2239] > 200 GET / (::1) 5.00ms
2022-05-17 23:46:38,880 	 [INFO | web.py:2239] > 200 GET /static/js/index.js?v=2c0fa7b0c9d2915a603cae4cccb9a3926f4539166d17dac803bba225d6eaef4efa9480a29b86003d2faf166a1e1a07dc1482c8343e6aea9cfe3764990e1fe8dc (::1) 149.03ms
2022-05-17 23:46:39,371 	 [INFO | web.py:2239] > 304 GET / (::1) 0.00ms
2022-05-17 23:46:39,443 	 [INFO | web.py:2239] > 200 GET /static/css/bootstrap.min.css.map (::1) 5.01ms
2022-05-17 23:46:39,445 	 [INFO | inventoryControlHandler.py:13] > [GET] Request - /api/inventory/list
2022-05-17 23:46:39,445 	 [INFO | inventoryControlHandler.py:23] > [GET] Response - /api/inventory/list
2022-05-17 23:46:39,446 	 [INFO | web.py:2239] > 200 GET /api/inventory/list (::1) 2.00ms
2022-05-17 23:50:39,218 	 [DEBUG | proactor_events.py:623] > Using proactor: IocpProactor
2022-05-17 23:50:39,218 	 [INFO | app.py:26] > [TEST] Dashboard service listening on http://localhost:8080
2022-05-17 23:50:42,761 	 [INFO | web.py:2239] > 200 GET / (::1) 3.02ms
2022-05-17 23:50:42,948 	 [INFO | web.py:2239] > 200 GET /static/js/index.js?v=d5b4d1c7818ca75bd71c886280aa1550f5494747da3f82037060cd608a4d3453defc8c5c8d01aad66236cb0da4c515f1a7a05e9a7393ac5d0bbe961d82228083 (::1) 130.07ms
2022-05-17 23:50:42,953 	 [INFO | web.py:2239] > 200 GET /static/css/bootstrap.min.css.map (::1) 5.01ms
2022-05-17 23:50:42,953 	 [INFO | inventoryControlHandler.py:13] > [GET] Request - /api/inventory/list
2022-05-17 23:50:42,953 	 [INFO | inventoryControlHandler.py:23] > [GET] Response - /api/inventory/list
2022-05-17 23:50:42,953 	 [INFO | web.py:2239] > 304 GET /api/inventory/list (::1) 0.00ms
2022-05-17 23:51:00,877 	 [INFO | inventoryControlHandler.py:29] > [POST] Request - /api/inventory/create
2022-05-17 23:51:00,878 	 [INFO | web.py:2239] > 302 POST /api/inventory/create (::1) 1.00ms
2022-05-17 23:51:00,878 	 [INFO | inventoryControlHandler.py:41] > [POST] Response - /api/inventory/create
2022-05-17 23:51:00,882 	 [INFO | web.py:2239] > 200 GET /?status=SUCCESS (::1) 1.00ms
2022-05-17 23:51:00,951 	 [INFO | inventoryControlHandler.py:13] > [GET] Request - /api/inventory/list
2022-05-17 23:51:00,951 	 [INFO | inventoryControlHandler.py:23] > [GET] Response - /api/inventory/list
2022-05-17 23:51:00,952 	 [INFO | web.py:2239] > 200 GET /api/inventory/list (::1) 1.00ms
2022-05-17 23:51:00,986 	 [INFO | web.py:2239] > 200 GET /static/css/bootstrap.min.css.map (::1) 5.00ms
2022-05-17 23:53:18,995 	 [DEBUG | proactor_events.py:623] > Using proactor: IocpProactor
2022-05-17 23:53:18,999 	 [INFO | app.py:26] > [TEST] Dashboard service listening on http://localhost:8080
2022-05-17 23:53:27,657 	 [INFO | web.py:2239] > 200 GET / (::1) 4.00ms
2022-05-17 23:53:27,840 	 [INFO | web.py:2239] > 200 GET /static/js/index.js?v=aa6b0011fcce56aa015fb85767ae8d8e848d834084789541da87dc9082e7d2c7f5cc4a0df72efee5103f64e57a3947a79b4a936bd7a97bcfdda2511e4aabc2b5 (::1) 163.27ms
2022-05-17 23:53:27,951 	 [INFO | web.py:2239] > 304 GET / (::1) 1.01ms
2022-05-17 23:53:28,011 	 [INFO | inventoryControlHandler.py:13] > [GET] Request - /api/inventory/list
2022-05-17 23:53:28,012 	 [INFO | inventoryControlHandler.py:23] > [GET] Response - /api/inventory/list
2022-05-17 23:53:28,012 	 [INFO | web.py:2239] > 200 GET /api/inventory/list (::1) 1.00ms
2022-05-17 23:53:28,070 	 [INFO | web.py:2239] > 200 GET /static/css/bootstrap.min.css.map (::1) 6.00ms
2022-05-17 23:53:53,846 	 [INFO | inventoryControlHandler.py:29] > [POST] Request - /api/inventory/create
2022-05-17 23:53:53,847 	 [INFO | web.py:2239] > 302 POST /api/inventory/create (::1) 2.00ms
2022-05-17 23:53:53,847 	 [INFO | inventoryControlHandler.py:41] > [POST] Response - /api/inventory/create
2022-05-17 23:53:53,852 	 [INFO | web.py:2239] > 200 GET /?status=SUCCESS (::1) 1.00ms
2022-05-17 23:53:53,929 	 [INFO | inventoryControlHandler.py:13] > [GET] Request - /api/inventory/list
2022-05-17 23:53:53,930 	 [INFO | inventoryControlHandler.py:23] > [GET] Response - /api/inventory/list
2022-05-17 23:53:53,930 	 [INFO | web.py:2239] > 200 GET /api/inventory/list (::1) 1.00ms
2022-05-17 23:53:53,982 	 [INFO | web.py:2239] > 200 GET /static/css/bootstrap.min.css.map (::1) 4.00ms
2022-05-17 23:55:17,662 	 [DEBUG | proactor_events.py:623] > Using proactor: IocpProactor
2022-05-17 23:55:17,662 	 [INFO | app.py:26] > [TEST] Dashboard service listening on http://localhost:8080
2022-05-17 23:55:24,894 	 [INFO | web.py:2239] > 200 GET / (::1) 4.00ms
2022-05-17 23:55:25,079 	 [INFO | web.py:2239] > 200 GET /static/js/index.js?v=c8747df6013542d8b032595aa8c731c350a0999f828267277f0da11fd7dca4dd0a0d324b557a4f69c31dd8cfb78d7ce7005a2c67878c1a6b384e39f6f42ebbe7 (::1) 144.25ms
2022-05-17 23:55:25,085 	 [INFO | web.py:2239] > 200 GET /static/css/bootstrap.min.css.map (::1) 5.00ms
2022-05-17 23:55:25,087 	 [INFO | inventoryControlHandler.py:13] > [GET] Request - /api/inventory/list
2022-05-17 23:55:25,087 	 [INFO | inventoryControlHandler.py:23] > [GET] Response - /api/inventory/list
2022-05-17 23:55:25,088 	 [INFO | web.py:2239] > 200 GET /api/inventory/list (::1) 2.00ms
2022-05-17 23:55:42,311 	 [INFO | inventoryControlHandler.py:29] > [POST] Request - /api/inventory/create
2022-05-17 23:55:42,311 	 [INFO | web.py:2239] > 302 POST /api/inventory/create (::1) 1.00ms
2022-05-17 23:55:42,312 	 [INFO | inventoryControlHandler.py:41] > [POST] Response - /api/inventory/create
2022-05-17 23:55:42,316 	 [INFO | web.py:2239] > 200 GET /?status=SUCCESS (::1) 1.00ms
2022-05-17 23:55:42,390 	 [INFO | inventoryControlHandler.py:13] > [GET] Request - /api/inventory/list
2022-05-17 23:55:42,390 	 [INFO | inventoryControlHandler.py:23] > [GET] Response - /api/inventory/list
2022-05-17 23:55:42,391 	 [INFO | web.py:2239] > 200 GET /api/inventory/list (::1) 1.00ms
2022-05-17 23:55:42,423 	 [INFO | web.py:2239] > 200 GET /static/css/bootstrap.min.css.map (::1) 3.00ms
2022-05-17 23:55:58,908 	 [INFO | inventoryControlHandler.py:29] > [POST] Request - /api/inventory/delete
2022-05-17 23:55:58,909 	 [INFO | web.py:2239] > 302 POST /api/inventory/delete (::1) 1.00ms
2022-05-17 23:55:58,909 	 [INFO | inventoryControlHandler.py:41] > [POST] Response - /api/inventory/delete
2022-05-17 23:55:58,914 	 [INFO | web.py:2239] > 304 GET /?status=SUCCESS (::1) 1.00ms
2022-05-17 23:55:58,991 	 [INFO | inventoryControlHandler.py:13] > [GET] Request - /api/inventory/list
2022-05-17 23:55:58,991 	 [INFO | inventoryControlHandler.py:23] > [GET] Response - /api/inventory/list
2022-05-17 23:55:58,992 	 [INFO | web.py:2239] > 200 GET /api/inventory/list (::1) 2.00ms
2022-05-17 23:55:59,019 	 [INFO | web.py:2239] > 200 GET /static/css/bootstrap.min.css.map (::1) 6.00ms
2022-05-17 23:56:07,034 	 [INFO | inventoryControlHandler.py:29] > [POST] Request - /api/inventory/delete
2022-05-17 23:56:07,035 	 [INFO | web.py:2239] > 302 POST /api/inventory/delete (::1) 1.00ms
2022-05-17 23:56:07,038 	 [INFO | web.py:2239] > 200 GET /?status=ERROR (::1) 0.00ms
2022-05-17 23:56:07,109 	 [INFO | inventoryControlHandler.py:13] > [GET] Request - /api/inventory/list
2022-05-17 23:56:07,109 	 [INFO | inventoryControlHandler.py:68] > Serving the request from cached data...
2022-05-17 23:56:07,110 	 [INFO | inventoryControlHandler.py:23] > [GET] Response - /api/inventory/list
2022-05-17 23:56:07,110 	 [INFO | web.py:2239] > 304 GET /api/inventory/list (::1) 1.00ms
2022-05-17 23:56:07,114 	 [INFO | web.py:2239] > 200 GET /static/css/bootstrap.min.css.map (::1) 3.00ms
2022-05-17 23:56:12,800 	 [INFO | web.py:2239] > 304 GET /undelete? (::1) 2.00ms
2022-05-17 23:56:12,871 	 [INFO | web.py:2239] > 200 GET /static/css/bootstrap.min.css.map (::1) 2.00ms
2022-05-17 23:56:12,873 	 [INFO | inventoryControlHandler.py:13] > [GET] Request - /api/inventory/undeletelist
2022-05-17 23:56:12,873 	 [INFO | inventoryControlHandler.py:23] > [GET] Response - /api/inventory/undeletelist
2022-05-17 23:56:12,873 	 [INFO | web.py:2239] > 200 GET /api/inventory/undeletelist (::1) 1.00ms
2022-05-17 23:56:19,190 	 [INFO | inventoryControlHandler.py:29] > [POST] Request - /api/inventory/undelete
2022-05-17 23:56:19,190 	 [INFO | web.py:2239] > 302 POST /api/inventory/undelete (::1) 1.00ms
2022-05-17 23:56:19,195 	 [INFO | web.py:2239] > 304 GET /?status=ERROR (::1) 1.00ms
2022-05-17 23:56:19,260 	 [INFO | inventoryControlHandler.py:13] > [GET] Request - /api/inventory/list
2022-05-17 23:56:19,261 	 [INFO | inventoryControlHandler.py:68] > Serving the request from cached data...
2022-05-17 23:56:19,261 	 [INFO | inventoryControlHandler.py:23] > [GET] Response - /api/inventory/list
2022-05-17 23:56:19,261 	 [INFO | web.py:2239] > 304 GET /api/inventory/list (::1) 1.00ms
2022-05-17 23:56:19,264 	 [INFO | web.py:2239] > 200 GET /static/css/bootstrap.min.css.map (::1) 2.00ms
2022-05-17 23:56:27,487 	 [INFO | web.py:2239] > 304 GET /undelete? (::1) 1.00ms
2022-05-17 23:56:27,567 	 [INFO | web.py:2239] > 200 GET /static/css/bootstrap.min.css.map (::1) 2.00ms
2022-05-17 23:56:27,569 	 [INFO | inventoryControlHandler.py:13] > [GET] Request - /api/inventory/undeletelist
2022-05-17 23:56:27,569 	 [INFO | inventoryControlHandler.py:23] > [GET] Response - /api/inventory/undeletelist
2022-05-17 23:56:27,569 	 [INFO | web.py:2239] > 304 GET /api/inventory/undeletelist (::1) 1.00ms
2022-05-17 23:56:33,046 	 [INFO | inventoryControlHandler.py:29] > [POST] Request - /api/inventory/undelete
2022-05-17 23:56:33,047 	 [INFO | web.py:2239] > 302 POST /api/inventory/undelete (::1) 1.00ms
2022-05-17 23:56:33,047 	 [INFO | inventoryControlHandler.py:41] > [POST] Response - /api/inventory/undelete
2022-05-17 23:56:33,052 	 [INFO | web.py:2239] > 304 GET /?status=SUCCESS (::1) 1.00ms
2022-05-17 23:56:33,137 	 [INFO | web.py:2239] > 200 GET /static/css/bootstrap.min.css.map (::1) 3.00ms
2022-05-17 23:56:33,138 	 [INFO | inventoryControlHandler.py:13] > [GET] Request - /api/inventory/list
2022-05-17 23:56:33,138 	 [INFO | inventoryControlHandler.py:23] > [GET] Response - /api/inventory/list
2022-05-17 23:56:33,139 	 [INFO | web.py:2239] > 200 GET /api/inventory/list (::1) 1.00ms
2022-05-17 23:56:53,736 	 [INFO | web.py:2239] > 200 GET /display? (::1) 1.00ms
2022-05-17 23:56:53,810 	 [INFO | inventoryControlHandler.py:13] > [GET] Request - /api/inventory/list
2022-05-17 23:56:53,811 	 [INFO | inventoryControlHandler.py:68] > Serving the request from cached data...
2022-05-17 23:56:53,811 	 [INFO | inventoryControlHandler.py:23] > [GET] Response - /api/inventory/list
2022-05-17 23:56:53,812 	 [INFO | web.py:2239] > 304 GET /api/inventory/list (::1) 2.00ms
2022-05-17 23:56:53,834 	 [INFO | web.py:2239] > 200 GET /static/css/bootstrap.min.css.map (::1) 3.00ms
2022-05-17 23:56:56,349 	 [INFO | web.py:2239] > 304 GET /undelete? (::1) 1.00ms
2022-05-17 23:56:56,431 	 [INFO | web.py:2239] > 200 GET /static/css/bootstrap.min.css.map (::1) 3.00ms
2022-05-17 23:56:56,432 	 [INFO | inventoryControlHandler.py:13] > [GET] Request - /api/inventory/undeletelist
2022-05-17 23:56:56,432 	 [INFO | inventoryControlHandler.py:23] > [GET] Response - /api/inventory/undeletelist
2022-05-17 23:56:56,433 	 [INFO | web.py:2239] > 200 GET /api/inventory/undeletelist (::1) 1.00ms
2022-05-17 23:56:59,504 	 [INFO | web.py:2239] > 304 GET /display? (::1) 1.00ms
2022-05-17 23:56:59,576 	 [INFO | web.py:2239] > 200 GET /static/css/bootstrap.min.css.map (::1) 3.00ms
2022-05-17 23:56:59,578 	 [INFO | inventoryControlHandler.py:13] > [GET] Request - /api/inventory/list
2022-05-17 23:56:59,578 	 [INFO | inventoryControlHandler.py:68] > Serving the request from cached data...
2022-05-17 23:56:59,578 	 [INFO | inventoryControlHandler.py:23] > [GET] Response - /api/inventory/list
2022-05-17 23:56:59,579 	 [INFO | web.py:2239] > 304 GET /api/inventory/list (::1) 2.00ms
